<?xml version="1.0" encoding="UTF-8"?>
<testng-results skipped="0" failed="0" total="6" passed="6">
  <reporter-output>
  </reporter-output>
  <suite name="Gradle suite" duration-ms="58" started-at="2017-11-30T20:38:17Z" finished-at="2017-11-30T20:38:17Z">
    <groups>
    </groups>
    <test name="Gradle test" duration-ms="58" started-at="2017-11-30T20:38:17Z" finished-at="2017-11-30T20:38:17Z">
      <class name="TransformTest">
        <test-method status="PASS" signature="testColorShift()[pri:0, instance:TransformTest@11b4aaa8]" name="testColorShift" duration-ms="17" started-at="2017-11-30T14:38:17Z" finished-at="2017-11-30T14:38:17Z">
          <reporter-output>
          </reporter-output>
        </test-method> <!-- testColorShift -->
        <test-method status="PASS" signature="testGreenScreen()[pri:0, instance:TransformTest@11b4aaa8]" name="testGreenScreen" duration-ms="11" started-at="2017-11-30T14:38:17Z" finished-at="2017-11-30T14:38:17Z">
          <reporter-output>
          </reporter-output>
        </test-method> <!-- testGreenScreen -->
        <test-method status="PASS" signature="testMystery()[pri:0, instance:TransformTest@11b4aaa8]" name="testMystery" duration-ms="3" started-at="2017-11-30T14:38:17Z" finished-at="2017-11-30T14:38:17Z">
          <reporter-output>
          </reporter-output>
        </test-method> <!-- testMystery -->
        <test-method status="PASS" signature="testPositionShifts()[pri:0, instance:TransformTest@11b4aaa8]" name="testPositionShifts" duration-ms="6" started-at="2017-11-30T14:38:17Z" finished-at="2017-11-30T14:38:17Z">
          <reporter-output>
          </reporter-output>
        </test-method> <!-- testPositionShifts -->
        <test-method status="PASS" signature="testRotateAndFlip()[pri:0, instance:TransformTest@11b4aaa8]" name="testRotateAndFlip" duration-ms="3" started-at="2017-11-30T14:38:17Z" finished-at="2017-11-30T14:38:17Z">
          <reporter-output>
          </reporter-output>
        </test-method> <!-- testRotateAndFlip -->
        <test-method status="PASS" signature="testShrinkOrExpand()[pri:0, instance:TransformTest@11b4aaa8]" name="testShrinkOrExpand" duration-ms="4" started-at="2017-11-30T14:38:17Z" finished-at="2017-11-30T14:38:17Z">
          <reporter-output>
          </reporter-output>
        </test-method> <!-- testShrinkOrExpand -->
      </class> <!-- TransformTest -->
    </test> <!-- Gradle test -->
  </suite> <!-- Gradle suite -->
</testng-results>
